
> 2.recipe-app@0.1.0 build
> react-scripts build

Creating an optimized production build...
Browserslist: caniuse-lite is outdated. Please run:
  npx update-browserslist-db@latest
  Why you should do it regularly: https://github.com/browserslist/update-db#readme
[0;33mOne of your dependencies, babel-preset-react-app, is importing the
"@babel/plugin-proposal-private-property-in-object" package without
declaring it in its dependencies. This is currently working because
"@babel/plugin-proposal-private-property-in-object" is already in your
node_modules folder for unrelated reasons, but it [1mmay break at any time[0;33m.

babel-preset-react-app is part of the create-react-app project, [1mwhich
is not maintianed anymore[0;33m. It is thus unlikely that this bug will
ever be fixed. Add "@babel/plugin-proposal-private-property-in-object" to
your devDependencies to work around this error. This will make this message
go away.[0m
  
Browserslist: caniuse-lite is outdated. Please run:
  npx update-browserslist-db@latest
  Why you should do it regularly: https://github.com/browserslist/update-db#readme
Compiled with warnings.

[eslint] 
src/context/index.jsx
  Line 20:9:  'navigate' is assigned a value but never used                                                                         no-unused-vars
  Line 39:6:  React Hook useEffect has a missing dependency: 'recipeList.length'. Either include it or remove the dependency array  react-hooks/exhaustive-deps
  Line 93:6:  React Hook useEffect has a missing dependency: 'theme'. Either include it or remove the dependency array              react-hooks/exhaustive-deps

Search for the keywords to learn more about each warning.
To ignore, add // eslint-disable-next-line to the line before.

File sizes after gzip:

  57.92 kB  build/static/js/main.9394d8cc.js
  4.49 kB   build/static/css/main.98503248.css
  1.78 kB   build/static/js/787.05c72c2e.chunk.js

The project was built assuming it is hosted at /.
You can control this with the homepage field in your package.json.

The build folder is ready to be deployed.
You may serve it with a static server:

  npm install -g serve
  serve -s build

Find out more about deployment here:

  https://cra.link/deployment


> 2.recipe-app@0.1.0 start
> react-scripts start

Browserslist: caniuse-lite is outdated. Please run:
  npx update-browserslist-db@latest
  Why you should do it regularly: https://github.com/browserslist/update-db#readme
(node:284625) [DEP_WEBPACK_DEV_SERVER_ON_AFTER_SETUP_MIDDLEWARE] DeprecationWarning: 'onAfterSetupMiddleware' option is deprecated. Please use the 'setupMiddlewares' option.
(Use `node --trace-deprecation ...` to show where the warning was created)
(node:284625) [DEP_WEBPACK_DEV_SERVER_ON_BEFORE_SETUP_MIDDLEWARE] DeprecationWarning: 'onBeforeSetupMiddleware' option is deprecated. Please use the 'setupMiddlewares' option.
Starting the development server...

[0;33mOne of your dependencies, babel-preset-react-app, is importing the
"@babel/plugin-proposal-private-property-in-object" package without
declaring it in its dependencies. This is currently working because
"@babel/plugin-proposal-private-property-in-object" is already in your
node_modules folder for unrelated reasons, but it [1mmay break at any time[0;33m.

babel-preset-react-app is part of the create-react-app project, [1mwhich
is not maintianed anymore[0;33m. It is thus unlikely that this bug will
ever be fixed. Add "@babel/plugin-proposal-private-property-in-object" to
your devDependencies to work around this error. This will make this message
go away.[0m
  
Compiled with warnings.

[eslint] 
src/context/index.jsx
  Line 20:9:  'navigate' is assigned a value but never used                                                                         no-unused-vars
  Line 39:6:  React Hook useEffect has a missing dependency: 'recipeList.length'. Either include it or remove the dependency array  react-hooks/exhaustive-deps
  Line 93:6:  React Hook useEffect has a missing dependency: 'theme'. Either include it or remove the dependency array              react-hooks/exhaustive-deps

Search for the keywords to learn more about each warning.
To ignore, add // eslint-disable-next-line to the line before.

WARNING in [eslint] 
src/context/index.jsx
  Line 20:9:  'navigate' is assigned a value but never used                                                                         no-unused-vars
  Line 39:6:  React Hook useEffect has a missing dependency: 'recipeList.length'. Either include it or remove the dependency array  react-hooks/exhaustive-deps
  Line 93:6:  React Hook useEffect has a missing dependency: 'theme'. Either include it or remove the dependency array              react-hooks/exhaustive-deps

webpack compiled with 1 warning
The build failed because the process exited too early. This probably means the system ran out of memory or someone called `kill -9` on the process.
