
> book-review-platform@0.1.0 build
> react-scripts build

[baseline-browser-mapping] The data in this module is over two months old.  To ensure accurate Baseline data, please update: `npm i baseline-browser-mapping@latest -D`
Creating an optimized production build...
Browserslist: browsers data (caniuse-lite) is 8 months old. Please run:
  npx update-browserslist-db@latest
  Why you should do it regularly: https://github.com/browserslist/update-db#readme
[baseline-browser-mapping] The data in this module is over two months old.  To ensure accurate Baseline data, please update: `npm i baseline-browser-mapping@latest -D`
Browserslist: browsers data (caniuse-lite) is 8 months old. Please run:
  npx update-browserslist-db@latest
  Why you should do it regularly: https://github.com/browserslist/update-db#readme
Compiled with warnings.

[eslint] 
src/components/MainContent.js
  Line 93:6:   React Hook useEffect has a missing dependency: 'fetchBooksHelper'. Either include it or remove the dependency array  react-hooks/exhaustive-deps
  Line 126:6:  React Hook useEffect has a missing dependency: 'fetchBooksHelper'. Either include it or remove the dependency array  react-hooks/exhaustive-deps

Search for the keywords to learn more about each warning.
To ignore, add // eslint-disable-next-line to the line before.

File sizes after gzip:

  84.72 kB  build/static/js/main.0a760fe9.js
  5.24 kB   build/static/css/main.98646201.css

The project was built assuming it is hosted at /.
You can control this with the homepage field in your package.json.

The build folder is ready to be deployed.
You may serve it with a static server:

  npm install -g serve
  serve -s build

Find out more about deployment here:

  https://cra.link/deployment


> book-review-platform@0.1.0 start
> react-scripts start

[baseline-browser-mapping] The data in this module is over two months old.  To ensure accurate Baseline data, please update: `npm i baseline-browser-mapping@latest -D`
Browserslist: browsers data (caniuse-lite) is 8 months old. Please run:
  npx update-browserslist-db@latest
  Why you should do it regularly: https://github.com/browserslist/update-db#readme
(node:247930) [DEP_WEBPACK_DEV_SERVER_ON_AFTER_SETUP_MIDDLEWARE] DeprecationWarning: 'onAfterSetupMiddleware' option is deprecated. Please use the 'setupMiddlewares' option.
(Use `node --trace-deprecation ...` to show where the warning was created)
(node:247930) [DEP_WEBPACK_DEV_SERVER_ON_BEFORE_SETUP_MIDDLEWARE] DeprecationWarning: 'onBeforeSetupMiddleware' option is deprecated. Please use the 'setupMiddlewares' option.
Starting the development server...

Compiled with warnings.

[eslint] 
src/components/MainContent.js
  Line 93:6:   React Hook useEffect has a missing dependency: 'fetchBooksHelper'. Either include it or remove the dependency array  react-hooks/exhaustive-deps
  Line 126:6:  React Hook useEffect has a missing dependency: 'fetchBooksHelper'. Either include it or remove the dependency array  react-hooks/exhaustive-deps

Search for the keywords to learn more about each warning.
To ignore, add // eslint-disable-next-line to the line before.

WARNING in [eslint] 
src/components/MainContent.js
  Line 93:6:   React Hook useEffect has a missing dependency: 'fetchBooksHelper'. Either include it or remove the dependency array  react-hooks/exhaustive-deps
  Line 126:6:  React Hook useEffect has a missing dependency: 'fetchBooksHelper'. Either include it or remove the dependency array  react-hooks/exhaustive-deps

webpack compiled with 1 warning
The build failed because the process exited too early. This probably means the system ran out of memory or someone called `kill -9` on the process.
